[2024-10-29T02:50:40.210+0000] {local_task_job_runner.py:123} INFO - ::group::Pre task execution logs
[2024-10-29T02:50:40.239+0000] {taskinstance.py:2603} INFO - Dependencies all met for dep_context=non-requeueable deps ti=<TaskInstance: run_pipeline.stream_from_data manual__2024-10-29T02:50:28.004592+00:00 [queued]>
[2024-10-29T02:50:40.255+0000] {taskinstance.py:2603} INFO - Dependencies all met for dep_context=requeueable deps ti=<TaskInstance: run_pipeline.stream_from_data manual__2024-10-29T02:50:28.004592+00:00 [queued]>
[2024-10-29T02:50:40.257+0000] {taskinstance.py:2856} INFO - Starting attempt 1 of 2
[2024-10-29T02:50:40.290+0000] {taskinstance.py:2879} INFO - Executing <Task(DockerOperator): stream_from_data> on 2024-10-29 02:50:28.004592+00:00
[2024-10-29T02:50:40.297+0000] {standard_task_runner.py:72} INFO - Started process 263 to run task
[2024-10-29T02:50:40.304+0000] {standard_task_runner.py:104} INFO - Running: ['***', 'tasks', 'run', 'run_pipeline', 'stream_from_data', 'manual__2024-10-29T02:50:28.004592+00:00', '--job-id', '4', '--raw', '--subdir', 'DAGS_FOLDER/***_automation.py', '--cfg-path', '/tmp/tmphwgc53im']
[2024-10-29T02:50:40.307+0000] {standard_task_runner.py:105} INFO - Job 4: Subtask stream_from_data
[2024-10-29T02:50:40.420+0000] {task_command.py:467} INFO - Running <TaskInstance: run_pipeline.stream_from_data manual__2024-10-29T02:50:28.004592+00:00 [running]> on host 912b6685d48b
[2024-10-29T02:50:40.619+0000] {taskinstance.py:3122} INFO - Exporting env vars: AIRFLOW_CTX_DAG_OWNER='***' AIRFLOW_CTX_DAG_ID='run_pipeline' AIRFLOW_CTX_TASK_ID='stream_from_data' AIRFLOW_CTX_EXECUTION_DATE='2024-10-29T02:50:28.004592+00:00' AIRFLOW_CTX_TRY_NUMBER='1' AIRFLOW_CTX_DAG_RUN_ID='manual__2024-10-29T02:50:28.004592+00:00'
[2024-10-29T02:50:40.622+0000] {taskinstance.py:731} INFO - ::endgroup::
[2024-10-29T02:50:40.734+0000] {docker.py:367} INFO - Starting docker container from image write_to_database:latest
[2024-10-29T02:50:43.337+0000] {docker.py:438} INFO - [38;5;6mspark [38;5;5m02:50:43.31 [0m[38;5;2mINFO [0m ==>
[2024-10-29T02:50:43.342+0000] {docker.py:438} INFO - [38;5;6mspark [38;5;5m02:50:43.32 [0m[38;5;2mINFO [0m ==> [1mWelcome to the Bitnami spark container[0m
[2024-10-29T02:50:43.344+0000] {docker.py:438} INFO - [38;5;6mspark [38;5;5m02:50:43.32 [0m[38;5;2mINFO [0m ==> Subscribe to project updates by watching [1mhttps://github.com/bitnami/containers[0m
[2024-10-29T02:50:43.345+0000] {docker.py:438} INFO - [38;5;6mspark [38;5;5m02:50:43.33 [0m[38;5;2mINFO [0m ==> Submit issues and feature requests at [1mhttps://github.com/bitnami/containers/issues[0m
[2024-10-29T02:50:43.347+0000] {docker.py:438} INFO - [38;5;6mspark [38;5;5m02:50:43.33 [0m[38;5;2mINFO [0m ==>
[2024-10-29T02:50:43.367+0000] {docker.py:438} INFO - 
[2024-10-29T02:50:54.028+0000] {docker.py:438} INFO - :: loading settings :: url = jar:file:/opt/bitnami/spark/jars/ivy-2.5.1.jar!/org/apache/ivy/core/settings/ivysettings.xml
[2024-10-29T02:50:54.402+0000] {docker.py:438} INFO - Ivy Default Cache set to: /root/.ivy2/cache
[2024-10-29T02:50:54.408+0000] {docker.py:438} INFO - The jars for the packages stored in: /root/.ivy2/jars
[2024-10-29T02:50:54.427+0000] {docker.py:438} INFO - org.apache.spark#spark-sql-kafka-0-10_2.12 added as a dependency
[2024-10-29T02:50:54.429+0000] {docker.py:438} INFO - org.apache.kafka#kafka-clients added as a dependency
[2024-10-29T02:50:54.433+0000] {docker.py:438} INFO - mysql#mysql-connector-java added as a dependency
[2024-10-29T02:50:54.441+0000] {docker.py:438} INFO - com.datastax.spark#spark-cassandra-connector_2.12 added as a dependency
[2024-10-29T02:50:54.443+0000] {docker.py:438} INFO - :: resolving dependencies :: org.apache.spark#spark-submit-parent-164c4ec9-4a4f-4462-a229-51d48e973714;1.0
[2024-10-29T02:50:54.445+0000] {docker.py:438} INFO - 	confs: [default]
[2024-10-29T02:51:06.451+0000] {docker.py:438} INFO - found org.apache.spark#spark-sql-kafka-0-10_2.12;3.3.1 in central
[2024-10-29T02:51:07.903+0000] {docker.py:438} INFO - found org.apache.spark#spark-token-provider-kafka-0-10_2.12;3.3.1 in central
[2024-10-29T02:51:08.903+0000] {docker.py:438} INFO - found org.apache.kafka#kafka-clients;2.8.1 in central
[2024-10-29T02:51:09.777+0000] {docker.py:438} INFO - found org.lz4#lz4-java;1.8.0 in central
[2024-10-29T02:51:10.915+0000] {docker.py:438} INFO - found org.xerial.snappy#snappy-java;1.1.8.4 in central
[2024-10-29T02:51:14.079+0000] {docker.py:438} INFO - found org.slf4j#slf4j-api;1.7.32 in central
[2024-10-29T02:51:18.486+0000] {docker.py:438} INFO - found org.apache.hadoop#hadoop-client-runtime;3.3.2 in central
[2024-10-29T02:51:20.966+0000] {docker.py:438} INFO - found org.spark-project.spark#unused;1.0.0 in central
[2024-10-29T02:51:21.764+0000] {docker.py:438} INFO - found org.apache.hadoop#hadoop-client-api;3.3.2 in central
[2024-10-29T02:51:57.596+0000] {docker.py:438} INFO - found commons-logging#commons-logging;1.1.3 in central
[2024-10-29T02:51:59.002+0000] {docker.py:438} INFO - found com.google.code.findbugs#jsr305;3.0.0 in central
[2024-10-29T02:52:08.368+0000] {docker.py:438} INFO - found org.apache.commons#commons-pool2;2.11.1 in central
[2024-10-29T02:52:09.419+0000] {docker.py:438} INFO - found mysql#mysql-connector-java;8.0.30 in central
[2024-10-29T02:52:13.101+0000] {docker.py:438} INFO - found com.google.protobuf#protobuf-java;3.19.4 in central
[2024-10-29T02:52:14.216+0000] {docker.py:438} INFO - found com.datastax.spark#spark-cassandra-connector_2.12;3.1.0 in central
[2024-10-29T02:52:14.654+0000] {docker.py:438} INFO - found com.datastax.spark#spark-cassandra-connector-driver_2.12;3.1.0 in central
[2024-10-29T02:52:20.101+0000] {docker.py:438} INFO - found com.datastax.oss#java-driver-core-shaded;4.12.0 in central
[2024-10-29T02:52:20.559+0000] {docker.py:438} INFO - found com.datastax.oss#native-protocol;1.5.0 in central
[2024-10-29T02:52:21.025+0000] {docker.py:438} INFO - found com.datastax.oss#java-driver-shaded-guava;25.1-jre-graal-sub-1 in central
[2024-10-29T02:52:21.433+0000] {docker.py:438} INFO - found com.typesafe#config;1.4.1 in central
[2024-10-29T02:52:24.593+0000] {docker.py:438} INFO - found io.dropwizard.metrics#metrics-core;4.1.18 in central
[2024-10-29T02:52:25.049+0000] {docker.py:438} INFO - found org.hdrhistogram#HdrHistogram;2.1.12 in central
[2024-10-29T02:52:25.432+0000] {docker.py:438} INFO - found org.reactivestreams#reactive-streams;1.0.3 in central
[2024-10-29T02:52:27.570+0000] {docker.py:438} INFO - found com.github.stephenc.jcip#jcip-annotations;1.0-1 in central
[2024-10-29T02:52:28.053+0000] {docker.py:438} INFO - found com.github.spotbugs#spotbugs-annotations;3.1.12 in central
[2024-10-29T02:52:28.942+0000] {docker.py:438} INFO - found com.google.code.findbugs#jsr305;3.0.2 in central
[2024-10-29T02:52:29.862+0000] {docker.py:438} INFO - found com.datastax.oss#java-driver-mapper-runtime;4.12.0 in central
[2024-10-29T02:52:30.275+0000] {docker.py:438} INFO - found com.datastax.oss#java-driver-query-builder;4.12.0 in central
[2024-10-29T02:52:35.536+0000] {docker.py:438} INFO - found org.apache.commons#commons-lang3;3.10 in central
[2024-10-29T02:52:37.188+0000] {docker.py:438} INFO - found com.thoughtworks.paranamer#paranamer;2.8 in central
[2024-10-29T02:52:37.574+0000] {docker.py:438} INFO - found org.scala-lang#scala-reflect;2.12.11 in central
[2024-10-29T02:52:37.805+0000] {docker.py:438} INFO - downloading https://repo1.maven.org/maven2/org/apache/spark/spark-sql-kafka-0-10_2.12/3.3.1/spark-sql-kafka-0-10_2.12-3.3.1.jar ...
[2024-10-29T02:52:38.893+0000] {docker.py:438} INFO - [SUCCESSFUL ] org.apache.spark#spark-sql-kafka-0-10_2.12;3.3.1!spark-sql-kafka-0-10_2.12.jar (1278ms)
[2024-10-29T02:52:39.086+0000] {docker.py:438} INFO - downloading https://repo1.maven.org/maven2/mysql/mysql-connector-java/8.0.30/mysql-connector-java-8.0.30.jar ...
[2024-10-29T02:52:41.256+0000] {docker.py:438} INFO - [SUCCESSFUL ] mysql#mysql-connector-java;8.0.30!mysql-connector-java.jar (2357ms)
[2024-10-29T02:52:41.564+0000] {docker.py:438} INFO - downloading https://repo1.maven.org/maven2/com/datastax/spark/spark-cassandra-connector_2.12/3.1.0/spark-cassandra-connector_2.12-3.1.0.jar ...
[2024-10-29T02:52:43.163+0000] {docker.py:438} INFO - [SUCCESSFUL ] com.datastax.spark#spark-cassandra-connector_2.12;3.1.0!spark-cassandra-connector_2.12.jar (1913ms)
[2024-10-29T02:52:43.366+0000] {docker.py:438} INFO - downloading https://repo1.maven.org/maven2/org/apache/spark/spark-token-provider-kafka-0-10_2.12/3.3.1/spark-token-provider-kafka-0-10_2.12-3.3.1.jar ...
[2024-10-29T02:52:43.593+0000] {docker.py:438} INFO - [SUCCESSFUL ] org.apache.spark#spark-token-provider-kafka-0-10_2.12;3.3.1!spark-token-provider-kafka-0-10_2.12.jar (428ms)
[2024-10-29T02:52:43.796+0000] {docker.py:438} INFO - downloading https://repo1.maven.org/maven2/org/apache/kafka/kafka-clients/2.8.1/kafka-clients-2.8.1.jar ...
[2024-10-29T02:52:47.732+0000] {docker.py:438} INFO - [SUCCESSFUL ] org.apache.kafka#kafka-clients;2.8.1!kafka-clients.jar (4137ms)
[2024-10-29T02:52:47.973+0000] {docker.py:438} INFO - downloading https://repo1.maven.org/maven2/org/apache/commons/commons-pool2/2.11.1/commons-pool2-2.11.1.jar ...
[2024-10-29T02:52:48.398+0000] {docker.py:438} INFO - [SUCCESSFUL ] org.apache.commons#commons-pool2;2.11.1!commons-pool2.jar (661ms)
[2024-10-29T02:53:09.488+0000] {docker.py:438} INFO - You probably access the destination server through a proxy server that is not well configured.
[2024-10-29T02:53:09.498+0000] {docker.py:438} INFO - You probably access the destination server through a proxy server that is not well configured.
[2024-10-29T02:53:09.500+0000] {docker.py:438} INFO - You probably access the destination server through a proxy server that is not well configured.
[2024-10-29T02:53:09.502+0000] {docker.py:438} INFO - You probably access the destination server through a proxy server that is not well configured.
[2024-10-29T02:53:09.539+0000] {docker.py:438} INFO - You probably access the destination server through a proxy server that is not well configured.
[2024-10-29T02:53:09.557+0000] {docker.py:438} INFO - You probably access the destination server through a proxy server that is not well configured.
[2024-10-29T02:53:09.579+0000] {docker.py:438} INFO - You probably access the destination server through a proxy server that is not well configured.
[2024-10-29T02:53:09.585+0000] {docker.py:438} INFO - You probably access the destination server through a proxy server that is not well configured.
[2024-10-29T02:53:09.590+0000] {docker.py:438} INFO - You probably access the destination server through a proxy server that is not well configured.
[2024-10-29T02:53:09.597+0000] {docker.py:438} INFO - You probably access the destination server through a proxy server that is not well configured.
[2024-10-29T02:53:09.599+0000] {docker.py:438} INFO - You probably access the destination server through a proxy server that is not well configured.
[2024-10-29T02:53:09.601+0000] {docker.py:438} INFO - You probably access the destination server through a proxy server that is not well configured.
[2024-10-29T02:53:09.604+0000] {docker.py:438} INFO - You probably access the destination server through a proxy server that is not well configured.
[2024-10-29T02:53:09.608+0000] {docker.py:438} INFO - You probably access the destination server through a proxy server that is not well configured.
[2024-10-29T02:53:09.617+0000] {docker.py:438} INFO - You probably access the destination server through a proxy server that is not well configured.
[2024-10-29T02:53:09.621+0000] {docker.py:438} INFO - You probably access the destination server through a proxy server that is not well configured.
[2024-10-29T02:53:09.623+0000] {docker.py:438} INFO - You probably access the destination server through a proxy server that is not well configured.
[2024-10-29T02:53:09.632+0000] {docker.py:438} INFO - You probably access the destination server through a proxy server that is not well configured.
[2024-10-29T02:53:09.634+0000] {docker.py:438} INFO - You probably access the destination server through a proxy server that is not well configured.
[2024-10-29T02:53:09.636+0000] {docker.py:438} INFO - You probably access the destination server through a proxy server that is not well configured.
[2024-10-29T02:53:09.637+0000] {docker.py:438} INFO - You probably access the destination server through a proxy server that is not well configured.
[2024-10-29T02:53:09.639+0000] {docker.py:438} INFO - You probably access the destination server through a proxy server that is not well configured.
[2024-10-29T02:53:09.640+0000] {docker.py:438} INFO - You probably access the destination server through a proxy server that is not well configured.
[2024-10-29T02:53:09.651+0000] {docker.py:438} INFO - You probably access the destination server through a proxy server that is not well configured.
[2024-10-29T02:53:09.654+0000] {docker.py:438} INFO - :: resolution report :: resolve 103182ms :: artifacts dl 31991ms
[2024-10-29T02:53:09.655+0000] {docker.py:438} INFO - 	:: modules in use:
[2024-10-29T02:53:09.664+0000] {docker.py:438} INFO - com.datastax.oss#java-driver-core-shaded;4.12.0 from central in [default]
[2024-10-29T02:53:09.665+0000] {docker.py:438} INFO - 	com.datastax.oss#java-driver-mapper-runtime;4.12.0 from central in [default]
[2024-10-29T02:53:09.881+0000] {docker.py:438} INFO - 	com.datastax.oss#java-driver-query-builder;4.12.0 from central in [default]
[2024-10-29T02:53:09.964+0000] {docker.py:438} INFO - com.datastax.oss#java-driver-shaded-guava;25.1-jre-graal-sub-1 from central in [default]
[2024-10-29T02:53:10.023+0000] {docker.py:438} INFO - com.datastax.oss#native-protocol;1.5.0 from central in [default]
[2024-10-29T02:53:10.038+0000] {docker.py:438} INFO - 	com.datastax.spark#spark-cassandra-connector-driver_2.12;3.1.0 from central in [default]
[2024-10-29T02:53:10.082+0000] {docker.py:438} INFO - com.datastax.spark#spark-cassandra-connector_2.12;3.1.0 from central in [default]
[2024-10-29T02:53:10.089+0000] {docker.py:438} INFO - com.github.spotbugs#spotbugs-annotations;3.1.12 from central in [default]
[2024-10-29T02:53:10.099+0000] {docker.py:438} INFO - com.github.stephenc.jcip#jcip-annotations;1.0-1 from central in [default]
[2024-10-29T02:53:10.102+0000] {docker.py:438} INFO - com.google.code.findbugs#jsr305;3.0.2 from central in [default]
[2024-10-29T02:53:10.104+0000] {docker.py:438} INFO - 	com.google.protobuf#protobuf-java;3.19.4 from central in [default]
[2024-10-29T02:53:10.106+0000] {docker.py:438} INFO - 	com.thoughtworks.paranamer#paranamer;2.8 from central in [default]
[2024-10-29T02:53:10.107+0000] {docker.py:438} INFO - 	com.typesafe#config;1.4.1 from central in [default]
[2024-10-29T02:53:10.120+0000] {docker.py:438} INFO - 	commons-logging#commons-logging;1.1.3 from central in [default]
[2024-10-29T02:53:10.124+0000] {docker.py:438} INFO - io.dropwizard.metrics#metrics-core;4.1.18 from central in [default]
[2024-10-29T02:53:10.173+0000] {docker.py:438} INFO - mysql#mysql-connector-java;8.0.30 from central in [default]
[2024-10-29T02:53:10.184+0000] {docker.py:438} INFO - org.apache.commons#commons-lang3;3.10 from central in [default]
[2024-10-29T02:53:10.186+0000] {docker.py:438} INFO - 	org.apache.commons#commons-pool2;2.11.1 from central in [default]
[2024-10-29T02:53:10.187+0000] {docker.py:438} INFO - org.apache.hadoop#hadoop-client-api;3.3.2 from central in [default]
[2024-10-29T02:53:10.189+0000] {docker.py:438} INFO - org.apache.hadoop#hadoop-client-runtime;3.3.2 from central in [default]
[2024-10-29T02:53:10.191+0000] {docker.py:438} INFO - org.apache.kafka#kafka-clients;2.8.1 from central in [default]
[2024-10-29T02:53:10.197+0000] {docker.py:438} INFO - org.apache.spark#spark-sql-kafka-0-10_2.12;3.3.1 from central in [default]
[2024-10-29T02:53:10.198+0000] {docker.py:438} INFO - org.apache.spark#spark-token-provider-kafka-0-10_2.12;3.3.1 from central in [default]
[2024-10-29T02:53:10.200+0000] {docker.py:438} INFO - 	org.hdrhistogram#HdrHistogram;2.1.12 from central in [default]
[2024-10-29T02:53:10.211+0000] {docker.py:438} INFO - 	org.lz4#lz4-java;1.8.0 from central in [default]
[2024-10-29T02:53:10.213+0000] {docker.py:438} INFO - 	org.reactivestreams#reactive-streams;1.0.3 from central in [default]
[2024-10-29T02:53:10.214+0000] {docker.py:438} INFO - org.scala-lang#scala-reflect;2.12.11 from central in [default]
[2024-10-29T02:53:10.216+0000] {docker.py:438} INFO - 	org.slf4j#slf4j-api;1.7.32 from central in [default]
[2024-10-29T02:53:10.220+0000] {docker.py:438} INFO - org.spark-project.spark#unused;1.0.0 from central in [default]
[2024-10-29T02:53:10.223+0000] {docker.py:438} INFO - org.xerial.snappy#snappy-java;1.1.8.4 from central in [default]
[2024-10-29T02:53:10.237+0000] {docker.py:438} INFO - :: evicted modules:
[2024-10-29T02:53:10.257+0000] {docker.py:438} INFO - com.google.code.findbugs#jsr305;3.0.0 by [com.google.code.findbugs#jsr305;3.0.2] in [default]
[2024-10-29T02:53:10.266+0000] {docker.py:438} INFO - 	org.apache.kafka#kafka-clients;2.8.0 by [org.apache.kafka#kafka-clients;2.8.1] in [default]
[2024-10-29T02:53:10.267+0000] {docker.py:438} INFO - 	org.slf4j#slf4j-api;1.7.26 by [org.slf4j#slf4j-api;1.7.32] in [default]
[2024-10-29T02:53:10.270+0000] {docker.py:438} INFO - ---------------------------------------------------------------------
[2024-10-29T02:53:10.279+0000] {docker.py:438} INFO - 	|                  |            modules            ||   artifacts   |
[2024-10-29T02:53:10.281+0000] {docker.py:438} INFO - 	|       conf       | number| search|dwnlded|evicted|| number|dwnlded|
[2024-10-29T02:53:10.284+0000] {docker.py:438} INFO - 	---------------------------------------------------------------------
[2024-10-29T02:53:10.286+0000] {docker.py:438} INFO - 	|      default     |   33  |   31  |   31  |   3   ||   30  |   6   |
[2024-10-29T02:53:10.288+0000] {docker.py:438} INFO - 	---------------------------------------------------------------------
[2024-10-29T02:53:10.289+0000] {docker.py:438} INFO - :: problems summary ::
[2024-10-29T02:53:10.291+0000] {docker.py:438} INFO - :::: WARNINGS
[2024-10-29T02:53:10.296+0000] {docker.py:438} INFO - 	Host repo1.maven.org not found. url=https://repo1.maven.org/maven2/org/spark-project/spark/unused/1.0.0/unused-1.0.0.jar
[2024-10-29T02:53:10.299+0000] {docker.py:438} INFO - 
[2024-10-29T02:53:10.301+0000] {docker.py:438} INFO - 		[NOT FOUND  ] org.spark-project.spark#unused;1.0.0!unused.jar (21092ms)
[2024-10-29T02:53:10.303+0000] {docker.py:438} INFO - 
[2024-10-29T02:53:10.304+0000] {docker.py:438} INFO - 	==== central: tried
[2024-10-29T02:53:10.308+0000] {docker.py:438} INFO - 
[2024-10-29T02:53:10.312+0000] {docker.py:438} INFO - 	  https://repo1.maven.org/maven2/org/spark-project/spark/unused/1.0.0/unused-1.0.0.jar
[2024-10-29T02:53:10.314+0000] {docker.py:438} INFO - 
[2024-10-29T02:53:10.316+0000] {docker.py:438} INFO - 	Host repo1.maven.org not found. url=https://repo1.maven.org/maven2/org/apache/hadoop/hadoop-client-runtime/3.3.2/hadoop-client-runtime-3.3.2.jar
[2024-10-29T02:53:10.330+0000] {docker.py:438} INFO - 
[2024-10-29T02:53:10.332+0000] {docker.py:438} INFO - 		[NOT FOUND  ] org.apache.hadoop#hadoop-client-runtime;3.3.2!hadoop-client-runtime.jar (1ms)
[2024-10-29T02:53:10.334+0000] {docker.py:438} INFO - 
[2024-10-29T02:53:10.335+0000] {docker.py:438} INFO - 	==== central: tried
[2024-10-29T02:53:10.347+0000] {docker.py:438} INFO - 
[2024-10-29T02:53:10.349+0000] {docker.py:438} INFO - 	  https://repo1.maven.org/maven2/org/apache/hadoop/hadoop-client-runtime/3.3.2/hadoop-client-runtime-3.3.2.jar
[2024-10-29T02:53:10.353+0000] {docker.py:438} INFO - 
[2024-10-29T02:53:10.356+0000] {docker.py:438} INFO - 	Host repo1.maven.org not found. url=https://repo1.maven.org/maven2/org/lz4/lz4-java/1.8.0/lz4-java-1.8.0.jar
[2024-10-29T02:53:10.361+0000] {docker.py:438} INFO - 
[2024-10-29T02:53:10.379+0000] {docker.py:438} INFO - 		[NOT FOUND  ] org.lz4#lz4-java;1.8.0!lz4-java.jar (1ms)
[2024-10-29T02:53:10.395+0000] {docker.py:438} INFO - 
[2024-10-29T02:53:10.399+0000] {docker.py:438} INFO - 	==== central: tried
[2024-10-29T02:53:10.403+0000] {docker.py:438} INFO - 
[2024-10-29T02:53:10.404+0000] {docker.py:438} INFO - 	  https://repo1.maven.org/maven2/org/lz4/lz4-java/1.8.0/lz4-java-1.8.0.jar
[2024-10-29T02:53:10.406+0000] {docker.py:438} INFO - 
[2024-10-29T02:53:10.407+0000] {docker.py:438} INFO - 	Host repo1.maven.org not found. url=https://repo1.maven.org/maven2/org/xerial/snappy/snappy-java/1.1.8.4/snappy-java-1.1.8.4.jar
[2024-10-29T02:53:10.412+0000] {docker.py:438} INFO - 
[2024-10-29T02:53:10.413+0000] {docker.py:438} INFO - 		[NOT FOUND  ] org.xerial.snappy#snappy-java;1.1.8.4!snappy-java.jar(bundle) (1ms)
[2024-10-29T02:53:10.415+0000] {docker.py:438} INFO - 
[2024-10-29T02:53:10.417+0000] {docker.py:438} INFO - 	==== central: tried
[2024-10-29T02:53:10.423+0000] {docker.py:438} INFO - 
[2024-10-29T02:53:10.435+0000] {docker.py:438} INFO - 	  https://repo1.maven.org/maven2/org/xerial/snappy/snappy-java/1.1.8.4/snappy-java-1.1.8.4.jar
[2024-10-29T02:53:10.452+0000] {docker.py:438} INFO - 
[2024-10-29T02:53:10.458+0000] {docker.py:438} INFO - 	Host repo1.maven.org not found. url=https://repo1.maven.org/maven2/org/slf4j/slf4j-api/1.7.32/slf4j-api-1.7.32.jar
[2024-10-29T02:53:10.462+0000] {docker.py:438} INFO - 
[2024-10-29T02:53:10.463+0000] {docker.py:438} INFO - 		[NOT FOUND  ] org.slf4j#slf4j-api;1.7.32!slf4j-api.jar (1ms)
[2024-10-29T02:53:10.465+0000] {docker.py:438} INFO - 
[2024-10-29T02:53:10.467+0000] {docker.py:438} INFO - 	==== central: tried
[2024-10-29T02:53:10.468+0000] {docker.py:438} INFO - 
[2024-10-29T02:53:10.470+0000] {docker.py:438} INFO - 	  https://repo1.maven.org/maven2/org/slf4j/slf4j-api/1.7.32/slf4j-api-1.7.32.jar
[2024-10-29T02:53:10.474+0000] {docker.py:438} INFO - 
[2024-10-29T02:53:10.477+0000] {docker.py:438} INFO - 	Host repo1.maven.org not found. url=https://repo1.maven.org/maven2/org/apache/hadoop/hadoop-client-api/3.3.2/hadoop-client-api-3.3.2.jar
[2024-10-29T02:53:10.479+0000] {docker.py:438} INFO - 
[2024-10-29T02:53:10.480+0000] {docker.py:438} INFO - 		[NOT FOUND  ] org.apache.hadoop#hadoop-client-api;3.3.2!hadoop-client-api.jar (2ms)
[2024-10-29T02:53:10.481+0000] {docker.py:438} INFO - 
[2024-10-29T02:53:10.483+0000] {docker.py:438} INFO - 	==== central: tried
[2024-10-29T02:53:10.484+0000] {docker.py:438} INFO - 
[2024-10-29T02:53:10.486+0000] {docker.py:438} INFO - 	  https://repo1.maven.org/maven2/org/apache/hadoop/hadoop-client-api/3.3.2/hadoop-client-api-3.3.2.jar
[2024-10-29T02:53:10.487+0000] {docker.py:438} INFO - 
[2024-10-29T02:53:10.488+0000] {docker.py:438} INFO - 	Host repo1.maven.org not found. url=https://repo1.maven.org/maven2/commons-logging/commons-logging/1.1.3/commons-logging-1.1.3.jar
[2024-10-29T02:53:10.490+0000] {docker.py:438} INFO - 
[2024-10-29T02:53:10.493+0000] {docker.py:438} INFO - 		[NOT FOUND  ] commons-logging#commons-logging;1.1.3!commons-logging.jar (2ms)
[2024-10-29T02:53:10.495+0000] {docker.py:438} INFO - 
[2024-10-29T02:53:10.497+0000] {docker.py:438} INFO - 	==== central: tried
[2024-10-29T02:53:10.502+0000] {docker.py:438} INFO - 
[2024-10-29T02:53:10.503+0000] {docker.py:438} INFO - 	  https://repo1.maven.org/maven2/commons-logging/commons-logging/1.1.3/commons-logging-1.1.3.jar
[2024-10-29T02:53:10.506+0000] {docker.py:438} INFO - 
[2024-10-29T02:53:10.508+0000] {docker.py:438} INFO - 	Host repo1.maven.org not found. url=https://repo1.maven.org/maven2/com/google/protobuf/protobuf-java/3.19.4/protobuf-java-3.19.4.jar
[2024-10-29T02:53:10.510+0000] {docker.py:438} INFO - 
[2024-10-29T02:53:10.512+0000] {docker.py:438} INFO - 		[NOT FOUND  ] com.google.protobuf#protobuf-java;3.19.4!protobuf-java.jar(bundle) (1ms)
[2024-10-29T02:53:10.513+0000] {docker.py:438} INFO - 
[2024-10-29T02:53:10.515+0000] {docker.py:438} INFO - 	==== central: tried
[2024-10-29T02:53:10.517+0000] {docker.py:438} INFO - 
[2024-10-29T02:53:10.518+0000] {docker.py:438} INFO - 	  https://repo1.maven.org/maven2/com/google/protobuf/protobuf-java/3.19.4/protobuf-java-3.19.4.jar
[2024-10-29T02:53:10.520+0000] {docker.py:438} INFO - 
[2024-10-29T02:53:10.521+0000] {docker.py:438} INFO - 	Host repo1.maven.org not found. url=https://repo1.maven.org/maven2/com/datastax/spark/spark-cassandra-connector-driver_2.12/3.1.0/spark-cassandra-connector-driver_2.12-3.1.0.jar
[2024-10-29T02:53:10.524+0000] {docker.py:438} INFO - 
[2024-10-29T02:53:10.528+0000] {docker.py:438} INFO - 		[NOT FOUND  ] com.datastax.spark#spark-cassandra-connector-driver_2.12;3.1.0!spark-cassandra-connector-driver_2.12.jar (1ms)
[2024-10-29T02:53:10.531+0000] {docker.py:438} INFO - 
[2024-10-29T02:53:10.534+0000] {docker.py:438} INFO - 	==== central: tried
[2024-10-29T02:53:10.536+0000] {docker.py:438} INFO - 
[2024-10-29T02:53:10.538+0000] {docker.py:438} INFO - 	  https://repo1.maven.org/maven2/com/datastax/spark/spark-cassandra-connector-driver_2.12/3.1.0/spark-cassandra-connector-driver_2.12-3.1.0.jar
[2024-10-29T02:53:10.540+0000] {docker.py:438} INFO - 
[2024-10-29T02:53:10.541+0000] {docker.py:438} INFO - 	Host repo1.maven.org not found. url=https://repo1.maven.org/maven2/com/datastax/oss/java-driver-core-shaded/4.12.0/java-driver-core-shaded-4.12.0.jar
[2024-10-29T02:53:10.544+0000] {docker.py:438} INFO - 
[2024-10-29T02:53:10.545+0000] {docker.py:438} INFO - 		[NOT FOUND  ] com.datastax.oss#java-driver-core-shaded;4.12.0!java-driver-core-shaded.jar (0ms)
[2024-10-29T02:53:10.551+0000] {docker.py:438} INFO - 
[2024-10-29T02:53:10.553+0000] {docker.py:438} INFO - 	==== central: tried
[2024-10-29T02:53:10.554+0000] {docker.py:438} INFO - 
[2024-10-29T02:53:10.556+0000] {docker.py:438} INFO - 	  https://repo1.maven.org/maven2/com/datastax/oss/java-driver-core-shaded/4.12.0/java-driver-core-shaded-4.12.0.jar
[2024-10-29T02:53:10.557+0000] {docker.py:438} INFO - 
[2024-10-29T02:53:10.560+0000] {docker.py:438} INFO - 	Host repo1.maven.org not found. url=https://repo1.maven.org/maven2/com/datastax/oss/java-driver-mapper-runtime/4.12.0/java-driver-mapper-runtime-4.12.0.jar
[2024-10-29T02:53:10.561+0000] {docker.py:438} INFO - 
[2024-10-29T02:53:10.563+0000] {docker.py:438} INFO - 		[NOT FOUND  ] com.datastax.oss#java-driver-mapper-runtime;4.12.0!java-driver-mapper-runtime.jar(bundle) (1ms)
[2024-10-29T02:53:10.565+0000] {docker.py:438} INFO - 
[2024-10-29T02:53:10.567+0000] {docker.py:438} INFO - 	==== central: tried
[2024-10-29T02:53:10.568+0000] {docker.py:438} INFO - 
[2024-10-29T02:53:10.570+0000] {docker.py:438} INFO - 	  https://repo1.maven.org/maven2/com/datastax/oss/java-driver-mapper-runtime/4.12.0/java-driver-mapper-runtime-4.12.0.jar
[2024-10-29T02:53:10.572+0000] {docker.py:438} INFO - 
[2024-10-29T02:53:10.573+0000] {docker.py:438} INFO - 	Host repo1.maven.org not found. url=https://repo1.maven.org/maven2/org/apache/commons/commons-lang3/3.10/commons-lang3-3.10.jar
[2024-10-29T02:53:10.576+0000] {docker.py:438} INFO - 
[2024-10-29T02:53:10.578+0000] {docker.py:438} INFO - 		[NOT FOUND  ] org.apache.commons#commons-lang3;3.10!commons-lang3.jar (2ms)
[2024-10-29T02:53:10.583+0000] {docker.py:438} INFO - 
[2024-10-29T02:53:10.585+0000] {docker.py:438} INFO - 	==== central: tried
[2024-10-29T02:53:10.586+0000] {docker.py:438} INFO - 
[2024-10-29T02:53:10.587+0000] {docker.py:438} INFO - 	  https://repo1.maven.org/maven2/org/apache/commons/commons-lang3/3.10/commons-lang3-3.10.jar
[2024-10-29T02:53:10.589+0000] {docker.py:438} INFO - 
[2024-10-29T02:53:10.590+0000] {docker.py:438} INFO - 	Host repo1.maven.org not found. url=https://repo1.maven.org/maven2/com/thoughtworks/paranamer/paranamer/2.8/paranamer-2.8.jar
[2024-10-29T02:53:10.593+0000] {docker.py:438} INFO - 
[2024-10-29T02:53:10.600+0000] {docker.py:438} INFO - 		[NOT FOUND  ] com.thoughtworks.paranamer#paranamer;2.8!paranamer.jar(bundle) (1ms)
[2024-10-29T02:53:10.601+0000] {docker.py:438} INFO - 
[2024-10-29T02:53:10.603+0000] {docker.py:438} INFO - 	==== central: tried
[2024-10-29T02:53:10.604+0000] {docker.py:438} INFO - 
[2024-10-29T02:53:10.606+0000] {docker.py:438} INFO - 	  https://repo1.maven.org/maven2/com/thoughtworks/paranamer/paranamer/2.8/paranamer-2.8.jar
[2024-10-29T02:53:10.607+0000] {docker.py:438} INFO - 
[2024-10-29T02:53:10.610+0000] {docker.py:438} INFO - 	Host repo1.maven.org not found. url=https://repo1.maven.org/maven2/org/scala-lang/scala-reflect/2.12.11/scala-reflect-2.12.11.jar
[2024-10-29T02:53:10.611+0000] {docker.py:438} INFO - 
[2024-10-29T02:53:10.613+0000] {docker.py:438} INFO - 		[NOT FOUND  ] org.scala-lang#scala-reflect;2.12.11!scala-reflect.jar (1ms)
[2024-10-29T02:53:10.614+0000] {docker.py:438} INFO - 
[2024-10-29T02:53:10.615+0000] {docker.py:438} INFO - 	==== central: tried
[2024-10-29T02:53:10.617+0000] {docker.py:438} INFO - 
[2024-10-29T02:53:10.618+0000] {docker.py:438} INFO - 	  https://repo1.maven.org/maven2/org/scala-lang/scala-reflect/2.12.11/scala-reflect-2.12.11.jar
[2024-10-29T02:53:10.620+0000] {docker.py:438} INFO - 
[2024-10-29T02:53:10.621+0000] {docker.py:438} INFO - 	Host repo1.maven.org not found. url=https://repo1.maven.org/maven2/com/datastax/oss/native-protocol/1.5.0/native-protocol-1.5.0.jar
[2024-10-29T02:53:10.627+0000] {docker.py:438} INFO - 
[2024-10-29T02:53:10.638+0000] {docker.py:438} INFO - 		[NOT FOUND  ] com.datastax.oss#native-protocol;1.5.0!native-protocol.jar(bundle) (1ms)
[2024-10-29T02:53:10.641+0000] {docker.py:438} INFO - 
[2024-10-29T02:53:10.645+0000] {docker.py:438} INFO - 	==== central: tried
[2024-10-29T02:53:10.647+0000] {docker.py:438} INFO - 
[2024-10-29T02:53:10.648+0000] {docker.py:438} INFO - 	  https://repo1.maven.org/maven2/com/datastax/oss/native-protocol/1.5.0/native-protocol-1.5.0.jar
[2024-10-29T02:53:10.650+0000] {docker.py:438} INFO - 
[2024-10-29T02:53:10.651+0000] {docker.py:438} INFO - 	Host repo1.maven.org not found. url=https://repo1.maven.org/maven2/com/datastax/oss/java-driver-shaded-guava/25.1-jre-graal-sub-1/java-driver-shaded-guava-25.1-jre-graal-sub-1.jar
[2024-10-29T02:53:10.653+0000] {docker.py:438} INFO - 
[2024-10-29T02:53:10.654+0000] {docker.py:438} INFO - 		[NOT FOUND  ] com.datastax.oss#java-driver-shaded-guava;25.1-jre-graal-sub-1!java-driver-shaded-guava.jar (16ms)
[2024-10-29T02:53:10.656+0000] {docker.py:438} INFO - 
[2024-10-29T02:53:10.657+0000] {docker.py:438} INFO - 	==== central: tried
[2024-10-29T02:53:10.661+0000] {docker.py:438} INFO - 
[2024-10-29T02:53:10.662+0000] {docker.py:438} INFO - 	  https://repo1.maven.org/maven2/com/datastax/oss/java-driver-shaded-guava/25.1-jre-graal-sub-1/java-driver-shaded-guava-25.1-jre-graal-sub-1.jar
[2024-10-29T02:53:10.664+0000] {docker.py:438} INFO - 
[2024-10-29T02:53:10.665+0000] {docker.py:438} INFO - 	Host repo1.maven.org not found. url=https://repo1.maven.org/maven2/com/typesafe/config/1.4.1/config-1.4.1.jar
[2024-10-29T02:53:10.667+0000] {docker.py:438} INFO - 
[2024-10-29T02:53:10.668+0000] {docker.py:438} INFO - 		[NOT FOUND  ] com.typesafe#config;1.4.1!config.jar(bundle) (1ms)
[2024-10-29T02:53:10.674+0000] {docker.py:438} INFO - 
[2024-10-29T02:53:10.678+0000] {docker.py:438} INFO - 	==== central: tried
[2024-10-29T02:53:10.679+0000] {docker.py:438} INFO - 
[2024-10-29T02:53:10.681+0000] {docker.py:438} INFO - 	  https://repo1.maven.org/maven2/com/typesafe/config/1.4.1/config-1.4.1.jar
[2024-10-29T02:53:10.682+0000] {docker.py:438} INFO - 
[2024-10-29T02:53:10.685+0000] {docker.py:438} INFO - 	Host repo1.maven.org not found. url=https://repo1.maven.org/maven2/io/dropwizard/metrics/metrics-core/4.1.18/metrics-core-4.1.18.jar
[2024-10-29T02:53:10.686+0000] {docker.py:438} INFO - 
[2024-10-29T02:53:10.687+0000] {docker.py:438} INFO - 		[NOT FOUND  ] io.dropwizard.metrics#metrics-core;4.1.18!metrics-core.jar(bundle) (1ms)
[2024-10-29T02:53:10.689+0000] {docker.py:438} INFO - 
[2024-10-29T02:53:10.691+0000] {docker.py:438} INFO - 	==== central: tried
[2024-10-29T02:53:10.722+0000] {docker.py:438} INFO - 
[2024-10-29T02:53:10.778+0000] {docker.py:438} INFO - 	  https://repo1.maven.org/maven2/io/dropwizard/metrics/metrics-core/4.1.18/metrics-core-4.1.18.jar
[2024-10-29T02:53:10.788+0000] {docker.py:438} INFO - 
[2024-10-29T02:53:10.797+0000] {docker.py:438} INFO - 	Host repo1.maven.org not found. url=https://repo1.maven.org/maven2/org/hdrhistogram/HdrHistogram/2.1.12/HdrHistogram-2.1.12.jar
[2024-10-29T02:53:10.801+0000] {docker.py:438} INFO - 
[2024-10-29T02:53:10.811+0000] {docker.py:438} INFO - 		[NOT FOUND  ] org.hdrhistogram#HdrHistogram;2.1.12!HdrHistogram.jar(bundle) (1ms)
[2024-10-29T02:53:10.813+0000] {docker.py:438} INFO - 
[2024-10-29T02:53:10.815+0000] {docker.py:438} INFO - 	==== central: tried
[2024-10-29T02:53:10.816+0000] {docker.py:438} INFO - 
[2024-10-29T02:53:10.818+0000] {docker.py:438} INFO - 	  https://repo1.maven.org/maven2/org/hdrhistogram/HdrHistogram/2.1.12/HdrHistogram-2.1.12.jar
[2024-10-29T02:53:10.819+0000] {docker.py:438} INFO - 
[2024-10-29T02:53:10.820+0000] {docker.py:438} INFO - 	Host repo1.maven.org not found. url=https://repo1.maven.org/maven2/org/reactivestreams/reactive-streams/1.0.3/reactive-streams-1.0.3.jar
[2024-10-29T02:53:10.822+0000] {docker.py:438} INFO - 
[2024-10-29T02:53:10.826+0000] {docker.py:438} INFO - 		[NOT FOUND  ] org.reactivestreams#reactive-streams;1.0.3!reactive-streams.jar (1ms)
[2024-10-29T02:53:10.827+0000] {docker.py:438} INFO - 
[2024-10-29T02:53:10.829+0000] {docker.py:438} INFO - 	==== central: tried
[2024-10-29T02:53:10.830+0000] {docker.py:438} INFO - 
[2024-10-29T02:53:10.832+0000] {docker.py:438} INFO - 	  https://repo1.maven.org/maven2/org/reactivestreams/reactive-streams/1.0.3/reactive-streams-1.0.3.jar
[2024-10-29T02:53:10.834+0000] {docker.py:438} INFO - 
[2024-10-29T02:53:10.836+0000] {docker.py:438} INFO - 	Host repo1.maven.org not found. url=https://repo1.maven.org/maven2/com/github/stephenc/jcip/jcip-annotations/1.0-1/jcip-annotations-1.0-1.jar
[2024-10-29T02:53:10.840+0000] {docker.py:438} INFO - 
[2024-10-29T02:53:10.841+0000] {docker.py:438} INFO - 		[NOT FOUND  ] com.github.stephenc.jcip#jcip-annotations;1.0-1!jcip-annotations.jar (1ms)
[2024-10-29T02:53:10.845+0000] {docker.py:438} INFO - 
[2024-10-29T02:53:10.847+0000] {docker.py:438} INFO - 	==== central: tried
[2024-10-29T02:53:10.848+0000] {docker.py:438} INFO - 
[2024-10-29T02:53:10.849+0000] {docker.py:438} INFO - 	  https://repo1.maven.org/maven2/com/github/stephenc/jcip/jcip-annotations/1.0-1/jcip-annotations-1.0-1.jar
[2024-10-29T02:53:10.851+0000] {docker.py:438} INFO - 
[2024-10-29T02:53:10.852+0000] {docker.py:438} INFO - 	Host repo1.maven.org not found. url=https://repo1.maven.org/maven2/com/github/spotbugs/spotbugs-annotations/3.1.12/spotbugs-annotations-3.1.12.jar
[2024-10-29T02:53:10.853+0000] {docker.py:438} INFO - 
[2024-10-29T02:53:10.855+0000] {docker.py:438} INFO - 		[NOT FOUND  ] com.github.spotbugs#spotbugs-annotations;3.1.12!spotbugs-annotations.jar (2ms)
[2024-10-29T02:53:10.856+0000] {docker.py:438} INFO - 
[2024-10-29T02:53:10.857+0000] {docker.py:438} INFO - 	==== central: tried
[2024-10-29T02:53:10.860+0000] {docker.py:438} INFO - 
[2024-10-29T02:53:10.864+0000] {docker.py:438} INFO - 	  https://repo1.maven.org/maven2/com/github/spotbugs/spotbugs-annotations/3.1.12/spotbugs-annotations-3.1.12.jar
[2024-10-29T02:53:10.882+0000] {docker.py:438} INFO - 
[2024-10-29T02:53:10.886+0000] {docker.py:438} INFO - 	Host repo1.maven.org not found. url=https://repo1.maven.org/maven2/com/google/code/findbugs/jsr305/3.0.2/jsr305-3.0.2.jar
[2024-10-29T02:53:10.891+0000] {docker.py:438} INFO - 
[2024-10-29T02:53:10.894+0000] {docker.py:438} INFO - 		[NOT FOUND  ] com.google.code.findbugs#jsr305;3.0.2!jsr305.jar (2ms)
[2024-10-29T02:53:10.896+0000] {docker.py:438} INFO - 
[2024-10-29T02:53:10.897+0000] {docker.py:438} INFO - 	==== central: tried
[2024-10-29T02:53:10.898+0000] {docker.py:438} INFO - 
[2024-10-29T02:53:10.900+0000] {docker.py:438} INFO - 	  https://repo1.maven.org/maven2/com/google/code/findbugs/jsr305/3.0.2/jsr305-3.0.2.jar
[2024-10-29T02:53:10.901+0000] {docker.py:438} INFO - 
[2024-10-29T02:53:10.903+0000] {docker.py:438} INFO - 	Host repo1.maven.org not found. url=https://repo1.maven.org/maven2/com/datastax/oss/java-driver-query-builder/4.12.0/java-driver-query-builder-4.12.0.jar
[2024-10-29T02:53:10.904+0000] {docker.py:438} INFO - 
[2024-10-29T02:53:10.905+0000] {docker.py:438} INFO - 		[NOT FOUND  ] com.datastax.oss#java-driver-query-builder;4.12.0!java-driver-query-builder.jar(bundle) (1ms)
[2024-10-29T02:53:10.907+0000] {docker.py:438} INFO - 
[2024-10-29T02:53:10.908+0000] {docker.py:438} INFO - 	==== central: tried
[2024-10-29T02:53:10.912+0000] {docker.py:438} INFO - 
[2024-10-29T02:53:10.915+0000] {docker.py:438} INFO - 	  https://repo1.maven.org/maven2/com/datastax/oss/java-driver-query-builder/4.12.0/java-driver-query-builder-4.12.0.jar
[2024-10-29T02:53:10.916+0000] {docker.py:438} INFO - 
[2024-10-29T02:53:10.918+0000] {docker.py:438} INFO - 		::::::::::::::::::::::::::::::::::::::::::::::
[2024-10-29T02:53:10.920+0000] {docker.py:438} INFO - 
[2024-10-29T02:53:10.923+0000] {docker.py:438} INFO - 		::              FAILED DOWNLOADS            ::
[2024-10-29T02:53:10.924+0000] {docker.py:438} INFO - 
[2024-10-29T02:53:10.928+0000] {docker.py:438} INFO - 		:: ^ see resolution messages for details  ^ ::
[2024-10-29T02:53:10.929+0000] {docker.py:438} INFO - 
[2024-10-29T02:53:10.931+0000] {docker.py:438} INFO - 		::::::::::::::::::::::::::::::::::::::::::::::
[2024-10-29T02:53:10.932+0000] {docker.py:438} INFO - 
[2024-10-29T02:53:10.934+0000] {docker.py:438} INFO - 		:: org.lz4#lz4-java;1.8.0!lz4-java.jar
[2024-10-29T02:53:10.935+0000] {docker.py:438} INFO - 
[2024-10-29T02:53:10.936+0000] {docker.py:438} INFO - 		:: org.xerial.snappy#snappy-java;1.1.8.4!snappy-java.jar(bundle)
[2024-10-29T02:53:10.938+0000] {docker.py:438} INFO - 
[2024-10-29T02:53:10.941+0000] {docker.py:438} INFO - 		:: org.slf4j#slf4j-api;1.7.32!slf4j-api.jar
[2024-10-29T02:53:10.952+0000] {docker.py:438} INFO - 
[2024-10-29T02:53:10.955+0000] {docker.py:438} INFO - 		:: org.apache.hadoop#hadoop-client-runtime;3.3.2!hadoop-client-runtime.jar
[2024-10-29T02:53:10.956+0000] {docker.py:438} INFO - 
[2024-10-29T02:53:10.958+0000] {docker.py:438} INFO - 		:: org.spark-project.spark#unused;1.0.0!unused.jar
[2024-10-29T02:53:10.960+0000] {docker.py:438} INFO - 
[2024-10-29T02:53:10.962+0000] {docker.py:438} INFO - 		:: org.apache.hadoop#hadoop-client-api;3.3.2!hadoop-client-api.jar
[2024-10-29T02:53:10.963+0000] {docker.py:438} INFO - 
[2024-10-29T02:53:10.964+0000] {docker.py:438} INFO - 		:: commons-logging#commons-logging;1.1.3!commons-logging.jar
[2024-10-29T02:53:10.966+0000] {docker.py:438} INFO - 
[2024-10-29T02:53:10.967+0000] {docker.py:438} INFO - 		:: com.google.protobuf#protobuf-java;3.19.4!protobuf-java.jar(bundle)
[2024-10-29T02:53:10.969+0000] {docker.py:438} INFO - 
[2024-10-29T02:53:10.971+0000] {docker.py:438} INFO - 		:: com.datastax.spark#spark-cassandra-connector-driver_2.12;3.1.0!spark-cassandra-connector-driver_2.12.jar
[2024-10-29T02:53:10.973+0000] {docker.py:438} INFO - 
[2024-10-29T02:53:10.974+0000] {docker.py:438} INFO - 		:: com.datastax.oss#java-driver-core-shaded;4.12.0!java-driver-core-shaded.jar
[2024-10-29T02:53:10.977+0000] {docker.py:438} INFO - 
[2024-10-29T02:53:10.978+0000] {docker.py:438} INFO - 		:: com.datastax.oss#native-protocol;1.5.0!native-protocol.jar(bundle)
[2024-10-29T02:53:10.983+0000] {docker.py:438} INFO - 
[2024-10-29T02:53:10.985+0000] {docker.py:438} INFO - 		:: com.datastax.oss#java-driver-shaded-guava;25.1-jre-graal-sub-1!java-driver-shaded-guava.jar
[2024-10-29T02:53:10.987+0000] {docker.py:438} INFO - 
[2024-10-29T02:53:10.988+0000] {docker.py:438} INFO - 		:: com.typesafe#config;1.4.1!config.jar(bundle)
[2024-10-29T02:53:10.990+0000] {docker.py:438} INFO - 
[2024-10-29T02:53:10.994+0000] {docker.py:438} INFO - 		:: io.dropwizard.metrics#metrics-core;4.1.18!metrics-core.jar(bundle)
[2024-10-29T02:53:10.996+0000] {docker.py:438} INFO - 
[2024-10-29T02:53:10.998+0000] {docker.py:438} INFO - 		:: org.hdrhistogram#HdrHistogram;2.1.12!HdrHistogram.jar(bundle)
[2024-10-29T02:53:11.036+0000] {docker.py:438} INFO - 
[2024-10-29T02:53:11.038+0000] {docker.py:438} INFO - 		:: org.reactivestreams#reactive-streams;1.0.3!reactive-streams.jar
[2024-10-29T02:53:11.040+0000] {docker.py:438} INFO - 
[2024-10-29T02:53:11.043+0000] {docker.py:438} INFO - 		:: com.github.stephenc.jcip#jcip-annotations;1.0-1!jcip-annotations.jar
[2024-10-29T02:53:11.048+0000] {docker.py:438} INFO - 
[2024-10-29T02:53:11.049+0000] {docker.py:438} INFO - 		:: com.github.spotbugs#spotbugs-annotations;3.1.12!spotbugs-annotations.jar
[2024-10-29T02:53:11.051+0000] {docker.py:438} INFO - 
[2024-10-29T02:53:11.053+0000] {docker.py:438} INFO - 		:: com.google.code.findbugs#jsr305;3.0.2!jsr305.jar
[2024-10-29T02:53:11.054+0000] {docker.py:438} INFO - 
[2024-10-29T02:53:11.056+0000] {docker.py:438} INFO - 		:: com.datastax.oss#java-driver-mapper-runtime;4.12.0!java-driver-mapper-runtime.jar(bundle)
[2024-10-29T02:53:11.057+0000] {docker.py:438} INFO - 
[2024-10-29T02:53:11.060+0000] {docker.py:438} INFO - 		:: com.datastax.oss#java-driver-query-builder;4.12.0!java-driver-query-builder.jar(bundle)
[2024-10-29T02:53:11.061+0000] {docker.py:438} INFO - 
[2024-10-29T02:53:11.063+0000] {docker.py:438} INFO - 		:: org.apache.commons#commons-lang3;3.10!commons-lang3.jar
[2024-10-29T02:53:11.064+0000] {docker.py:438} INFO - 
[2024-10-29T02:53:11.069+0000] {docker.py:438} INFO - 		:: com.thoughtworks.paranamer#paranamer;2.8!paranamer.jar(bundle)
[2024-10-29T02:53:11.071+0000] {docker.py:438} INFO - 
[2024-10-29T02:53:11.072+0000] {docker.py:438} INFO - 		:: org.scala-lang#scala-reflect;2.12.11!scala-reflect.jar
[2024-10-29T02:53:11.073+0000] {docker.py:438} INFO - 
[2024-10-29T02:53:11.075+0000] {docker.py:438} INFO - 		::::::::::::::::::::::::::::::::::::::::::::::
[2024-10-29T02:53:11.077+0000] {docker.py:438} INFO - :: USE VERBOSE OR DEBUG MESSAGE LEVEL FOR MORE DETAILS
[2024-10-29T02:53:11.078+0000] {docker.py:438} INFO - Exception in thread "main"
[2024-10-29T02:53:11.084+0000] {docker.py:438} INFO - java.lang.RuntimeException: [download failed: org.lz4#lz4-java;1.8.0!lz4-java.jar, download failed: org.xerial.snappy#snappy-java;1.1.8.4!snappy-java.jar(bundle), download failed: org.slf4j#slf4j-api;1.7.32!slf4j-api.jar, download failed: org.apache.hadoop#hadoop-client-runtime;3.3.2!hadoop-client-runtime.jar, download failed: org.spark-project.spark#unused;1.0.0!unused.jar, download failed: org.apache.hadoop#hadoop-client-api;3.3.2!hadoop-client-api.jar, download failed: commons-logging#commons-logging;1.1.3!commons-logging.jar, download failed: com.google.protobuf#protobuf-java;3.19.4!protobuf-java.jar(bundle), download failed: com.datastax.spark#spark-cassandra-connector-driver_2.12;3.1.0!spark-cassandra-connector-driver_2.12.jar, download failed: com.datastax.oss#java-driver-core-shaded;4.12.0!java-driver-core-shaded.jar, download failed: com.datastax.oss#native-protocol;1.5.0!native-protocol.jar(bundle), download failed: com.datastax.oss#java-driver-shaded-guava;25.1-jre-graal-sub-1!java-driver-shaded-guava.jar, download failed: com.typesafe#config;1.4.1!config.jar(bundle), download failed: io.dropwizard.metrics#metrics-core;4.1.18!metrics-core.jar(bundle), download failed: org.hdrhistogram#HdrHistogram;2.1.12!HdrHistogram.jar(bundle), download failed: org.reactivestreams#reactive-streams;1.0.3!reactive-streams.jar, download failed: com.github.stephenc.jcip#jcip-annotations;1.0-1!jcip-annotations.jar, download failed: com.github.spotbugs#spotbugs-annotations;3.1.12!spotbugs-annotations.jar, download failed: com.google.code.findbugs#jsr305;3.0.2!jsr305.jar, download failed: com.datastax.oss#java-driver-mapper-runtime;4.12.0!java-driver-mapper-runtime.jar(bundle), download failed: com.datastax.oss#java-driver-query-builder;4.12.0!java-driver-query-builder.jar(bundle), download failed: org.apache.commons#commons-lang3;3.10!commons-lang3.jar, download failed: com.thoughtworks.paranamer#paranamer;2.8!paranamer.jar(bundle), download failed: org.scala-lang#scala-reflect;2.12.11!scala-reflect.jar]
[2024-10-29T02:53:11.086+0000] {docker.py:438} INFO - at org.apache.spark.deploy.SparkSubmitUtils$.resolveMavenCoordinates(SparkSubmit.scala:1537)
[2024-10-29T02:53:11.087+0000] {docker.py:438} INFO - 	at org.apache.spark.util.DependencyUtils$.resolveMavenDependencies(DependencyUtils.scala:185)
[2024-10-29T02:53:11.088+0000] {docker.py:438} INFO - 	at org.apache.spark.deploy.SparkSubmit.prepareSubmitEnvironment(SparkSubmit.scala:334)
[2024-10-29T02:53:11.089+0000] {docker.py:438} INFO - 	at org.apache.spark.deploy.SparkSubmit.org$apache$spark$deploy$SparkSubmit$$runMain(SparkSubmit.scala:964)
[2024-10-29T02:53:11.091+0000] {docker.py:438} INFO - at org.apache.spark.deploy.SparkSubmit.doRunMain$1(SparkSubmit.scala:194)
[2024-10-29T02:53:11.093+0000] {docker.py:438} INFO - 	at org.apache.spark.deploy.SparkSubmit.submit(SparkSubmit.scala:217)
[2024-10-29T02:53:11.094+0000] {docker.py:438} INFO - 	at org.apache.spark.deploy.SparkSubmit.doSubmit(SparkSubmit.scala:91)
[2024-10-29T02:53:11.095+0000] {docker.py:438} INFO - 	at org.apache.spark.deploy.SparkSubmit$$anon$2.doSubmit(SparkSubmit.scala:1120)
[2024-10-29T02:53:11.101+0000] {docker.py:438} INFO - at org.apache.spark.deploy.SparkSubmit$.main(SparkSubmit.scala:1129)
[2024-10-29T02:53:11.103+0000] {docker.py:438} INFO - 	at org.apache.spark.deploy.SparkSubmit.main(SparkSubmit.scala)
[2024-10-29T02:53:11.212+0000] {taskinstance.py:3301} ERROR - Task failed with exception
Traceback (most recent call last):
  File "/home/airflow/.local/lib/python3.11/site-packages/airflow/models/taskinstance.py", line 767, in _execute_task
    result = _execute_callable(context=context, **execute_callable_kwargs)
             ^^^^^^^^^^^^^^^^^^^^^^^^^^^^^^^^^^^^^^^^^^^^^^^^^^^^^^^^^^^^^
  File "/home/airflow/.local/lib/python3.11/site-packages/airflow/models/taskinstance.py", line 733, in _execute_callable
    return ExecutionCallableRunner(
           ^^^^^^^^^^^^^^^^^^^^^^^^
  File "/home/airflow/.local/lib/python3.11/site-packages/airflow/utils/operator_helpers.py", line 252, in run
    return self.func(*args, **kwargs)
           ^^^^^^^^^^^^^^^^^^^^^^^^^^
  File "/home/airflow/.local/lib/python3.11/site-packages/airflow/models/baseoperator.py", line 406, in wrapper
    return func(self, *args, **kwargs)
           ^^^^^^^^^^^^^^^^^^^^^^^^^^^
  File "/home/airflow/.local/lib/python3.11/site-packages/airflow/providers/docker/operators/docker.py", line 513, in execute
    return self._run_image()
           ^^^^^^^^^^^^^^^^^
  File "/home/airflow/.local/lib/python3.11/site-packages/airflow/providers/docker/operators/docker.py", line 384, in _run_image
    return self._run_image_with_mounts(self.mounts, add_tmp_variable=False)
           ^^^^^^^^^^^^^^^^^^^^^^^^^^^^^^^^^^^^^^^^^^^^^^^^^^^^^^^^^^^^^^^^
  File "/home/airflow/.local/lib/python3.11/site-packages/airflow/providers/docker/operators/docker.py", line 446, in _run_image_with_mounts
    raise DockerContainerFailedException(f"Docker container failed: {result!r}", logs=log_lines)
airflow.providers.docker.exceptions.DockerContainerFailedException: Docker container failed: {'Error': None, 'StatusCode': 1}
[2024-10-29T02:53:11.248+0000] {taskinstance.py:1225} INFO - Marking task as UP_FOR_RETRY. dag_id=run_pipeline, task_id=stream_from_data, run_id=manual__2024-10-29T02:50:28.004592+00:00, execution_date=20241029T025028, start_date=20241029T025040, end_date=20241029T025311
[2024-10-29T02:53:11.319+0000] {taskinstance.py:340} INFO - ::group::Post task execution logs
[2024-10-29T02:53:11.327+0000] {standard_task_runner.py:124} ERROR - Failed to execute job 4 for task stream_from_data (Docker container failed: {'Error': None, 'StatusCode': 1}; 263)
Traceback (most recent call last):
  File "/home/airflow/.local/lib/python3.11/site-packages/airflow/task/task_runner/standard_task_runner.py", line 117, in _start_by_fork
    ret = args.func(args, dag=self.dag)
          ^^^^^^^^^^^^^^^^^^^^^^^^^^^^^
  File "/home/airflow/.local/lib/python3.11/site-packages/airflow/cli/cli_config.py", line 49, in command
    return func(*args, **kwargs)
           ^^^^^^^^^^^^^^^^^^^^^
  File "/home/airflow/.local/lib/python3.11/site-packages/airflow/utils/cli.py", line 115, in wrapper
    return f(*args, **kwargs)
           ^^^^^^^^^^^^^^^^^^
  File "/home/airflow/.local/lib/python3.11/site-packages/airflow/cli/commands/task_command.py", line 483, in task_run
    task_return_code = _run_task_by_selected_method(args, _dag, ti)
                       ^^^^^^^^^^^^^^^^^^^^^^^^^^^^^^^^^^^^^^^^^^^^
  File "/home/airflow/.local/lib/python3.11/site-packages/airflow/cli/commands/task_command.py", line 256, in _run_task_by_selected_method
    return _run_raw_task(args, ti)
           ^^^^^^^^^^^^^^^^^^^^^^^
  File "/home/airflow/.local/lib/python3.11/site-packages/airflow/cli/commands/task_command.py", line 341, in _run_raw_task
    return ti._run_raw_task(
           ^^^^^^^^^^^^^^^^^
  File "/home/airflow/.local/lib/python3.11/site-packages/airflow/utils/session.py", line 97, in wrapper
    return func(*args, session=session, **kwargs)
           ^^^^^^^^^^^^^^^^^^^^^^^^^^^^^^^^^^^^^^
  File "/home/airflow/.local/lib/python3.11/site-packages/airflow/models/taskinstance.py", line 2995, in _run_raw_task
    return _run_raw_task(
           ^^^^^^^^^^^^^^
  File "/home/airflow/.local/lib/python3.11/site-packages/airflow/models/taskinstance.py", line 273, in _run_raw_task
    TaskInstance._execute_task_with_callbacks(
  File "/home/airflow/.local/lib/python3.11/site-packages/airflow/models/taskinstance.py", line 3149, in _execute_task_with_callbacks
    result = self._execute_task(context, task_orig)
             ^^^^^^^^^^^^^^^^^^^^^^^^^^^^^^^^^^^^^^
  File "/home/airflow/.local/lib/python3.11/site-packages/airflow/models/taskinstance.py", line 3173, in _execute_task
    return _execute_task(self, context, task_orig)
           ^^^^^^^^^^^^^^^^^^^^^^^^^^^^^^^^^^^^^^^
  File "/home/airflow/.local/lib/python3.11/site-packages/airflow/models/taskinstance.py", line 767, in _execute_task
    result = _execute_callable(context=context, **execute_callable_kwargs)
             ^^^^^^^^^^^^^^^^^^^^^^^^^^^^^^^^^^^^^^^^^^^^^^^^^^^^^^^^^^^^^
  File "/home/airflow/.local/lib/python3.11/site-packages/airflow/models/taskinstance.py", line 733, in _execute_callable
    return ExecutionCallableRunner(
           ^^^^^^^^^^^^^^^^^^^^^^^^
  File "/home/airflow/.local/lib/python3.11/site-packages/airflow/utils/operator_helpers.py", line 252, in run
    return self.func(*args, **kwargs)
           ^^^^^^^^^^^^^^^^^^^^^^^^^^
  File "/home/airflow/.local/lib/python3.11/site-packages/airflow/models/baseoperator.py", line 406, in wrapper
    return func(self, *args, **kwargs)
           ^^^^^^^^^^^^^^^^^^^^^^^^^^^
  File "/home/airflow/.local/lib/python3.11/site-packages/airflow/providers/docker/operators/docker.py", line 513, in execute
    return self._run_image()
           ^^^^^^^^^^^^^^^^^
  File "/home/airflow/.local/lib/python3.11/site-packages/airflow/providers/docker/operators/docker.py", line 384, in _run_image
    return self._run_image_with_mounts(self.mounts, add_tmp_variable=False)
           ^^^^^^^^^^^^^^^^^^^^^^^^^^^^^^^^^^^^^^^^^^^^^^^^^^^^^^^^^^^^^^^^
  File "/home/airflow/.local/lib/python3.11/site-packages/airflow/providers/docker/operators/docker.py", line 446, in _run_image_with_mounts
    raise DockerContainerFailedException(f"Docker container failed: {result!r}", logs=log_lines)
airflow.providers.docker.exceptions.DockerContainerFailedException: Docker container failed: {'Error': None, 'StatusCode': 1}
[2024-10-29T02:53:11.387+0000] {local_task_job_runner.py:261} INFO - Task exited with return code 1
[2024-10-29T02:53:11.469+0000] {taskinstance.py:3891} INFO - 0 downstream tasks scheduled from follow-on schedule check
[2024-10-29T02:53:11.475+0000] {local_task_job_runner.py:240} INFO - ::endgroup::
