[2024-10-29T02:46:31.773+0000] {manager.py:483} INFO - Processing files using up to 2 processes at a time 
[2024-10-29T02:46:31.906+0000] {manager.py:484} INFO - Process each file at most once every 30 seconds
[2024-10-29T02:46:31.912+0000] {manager.py:485} INFO - Checking for new files in /opt/airflow/dags every 300 seconds
[2024-10-29T02:46:31.914+0000] {manager.py:821} INFO - Searching for files in /opt/airflow/dags
[2024-10-29T02:46:32.688+0000] {manager.py:824} INFO - There are 1 files in /opt/airflow/dags
[2024-10-29T02:46:34.073+0000] {manager.py:997} INFO - 
================================================================================
DAG File Processing Stats

File Path                                  PID  Runtime      # DAGs    # Errors  Last Runtime    Last Run      Last # of DB Queries
---------------------------------------  -----  ---------  --------  ----------  --------------  ----------  ----------------------
/opt/airflow/dags/airflow_automation.py    166  0.06s             0           0                                                   0
================================================================================
[2024-10-29T02:47:04.361+0000] {manager.py:997} INFO - 
================================================================================
DAG File Processing Stats

File Path                                PID    Runtime      # DAGs    # Errors  Last Runtime    Last Run               Last # of DB Queries
---------------------------------------  -----  ---------  --------  ----------  --------------  -------------------  ----------------------
/opt/airflow/dags/airflow_automation.py                           1           0  4.40s           2024-10-29T02:46:38                      26
================================================================================
[2024-10-29T02:47:34.665+0000] {manager.py:997} INFO - 
================================================================================
DAG File Processing Stats

File Path                                PID    Runtime      # DAGs    # Errors  Last Runtime    Last Run               Last # of DB Queries
---------------------------------------  -----  ---------  --------  ----------  --------------  -------------------  ----------------------
/opt/airflow/dags/airflow_automation.py                           1           0  1.91s           2024-10-29T02:47:10                      22
================================================================================
[2024-10-29T02:48:05.129+0000] {manager.py:997} INFO - 
================================================================================
DAG File Processing Stats

File Path                                PID    Runtime      # DAGs    # Errors  Last Runtime    Last Run               Last # of DB Queries
---------------------------------------  -----  ---------  --------  ----------  --------------  -------------------  ----------------------
/opt/airflow/dags/airflow_automation.py                           1           0  2.21s           2024-10-29T02:47:42                      22
================================================================================
[2024-10-29T02:48:35.503+0000] {manager.py:997} INFO - 
================================================================================
DAG File Processing Stats

File Path                                PID    Runtime      # DAGs    # Errors  Last Runtime    Last Run               Last # of DB Queries
---------------------------------------  -----  ---------  --------  ----------  --------------  -------------------  ----------------------
/opt/airflow/dags/airflow_automation.py                           1           0  2.18s           2024-10-29T02:48:15                      22
================================================================================
[2024-10-29T02:49:05.776+0000] {manager.py:997} INFO - 
================================================================================
DAG File Processing Stats

File Path                                PID    Runtime      # DAGs    # Errors  Last Runtime    Last Run               Last # of DB Queries
---------------------------------------  -----  ---------  --------  ----------  --------------  -------------------  ----------------------
/opt/airflow/dags/airflow_automation.py                           1           0  3.97s           2024-10-29T02:48:49                      22
================================================================================
[2024-10-29T02:49:36.054+0000] {manager.py:997} INFO - 
================================================================================
DAG File Processing Stats

File Path                                  PID  Runtime      # DAGs    # Errors  Last Runtime    Last Run               Last # of DB Queries
---------------------------------------  -----  ---------  --------  ----------  --------------  -------------------  ----------------------
/opt/airflow/dags/airflow_automation.py    233  16.14s            1           0  3.97s           2024-10-29T02:48:49                      22
================================================================================
[2024-10-29T02:49:50.015+0000] {manager.py:1146} ERROR - Processor for /opt/airflow/dags/airflow_automation.py exited with return code 1.
[2024-10-29T02:50:06.260+0000] {manager.py:997} INFO - 
================================================================================
DAG File Processing Stats

File Path                                PID    Runtime      # DAGs    # Errors  Last Runtime    Last Run               Last # of DB Queries
---------------------------------------  -----  ---------  --------  ----------  --------------  -------------------  ----------------------
/opt/airflow/dags/airflow_automation.py                           0          -1  30.10s          2024-10-29T02:49:50                       0
================================================================================
[2024-10-29T02:50:36.649+0000] {manager.py:997} INFO - 
================================================================================
DAG File Processing Stats

File Path                                PID    Runtime      # DAGs    # Errors  Last Runtime    Last Run               Last # of DB Queries
---------------------------------------  -----  ---------  --------  ----------  --------------  -------------------  ----------------------
/opt/airflow/dags/airflow_automation.py                           1           0  2.01s           2024-10-29T02:50:22                      22
================================================================================
[2024-10-29T02:51:06.854+0000] {manager.py:997} INFO - 
================================================================================
DAG File Processing Stats

File Path                                PID    Runtime      # DAGs    # Errors  Last Runtime    Last Run               Last # of DB Queries
---------------------------------------  -----  ---------  --------  ----------  --------------  -------------------  ----------------------
/opt/airflow/dags/airflow_automation.py                           1           0  3.35s           2024-10-29T02:50:55                      22
================================================================================
[2024-10-29T02:51:32.699+0000] {manager.py:821} INFO - Searching for files in /opt/airflow/dags
[2024-10-29T02:51:32.754+0000] {manager.py:824} INFO - There are 1 files in /opt/airflow/dags
[2024-10-29T02:51:36.889+0000] {manager.py:997} INFO - 
================================================================================
DAG File Processing Stats

File Path                                PID    Runtime      # DAGs    # Errors  Last Runtime    Last Run               Last # of DB Queries
---------------------------------------  -----  ---------  --------  ----------  --------------  -------------------  ----------------------
/opt/airflow/dags/airflow_automation.py                           1           0  6.31s           2024-10-29T02:51:32                      22
================================================================================
[2024-10-29T02:52:07.226+0000] {manager.py:997} INFO - 
================================================================================
DAG File Processing Stats

File Path                                PID    Runtime      # DAGs    # Errors  Last Runtime    Last Run               Last # of DB Queries
---------------------------------------  -----  ---------  --------  ----------  --------------  -------------------  ----------------------
/opt/airflow/dags/airflow_automation.py                           1           0  3.95s           2024-10-29T02:52:07                      22
================================================================================
[2024-10-29T02:52:37.620+0000] {manager.py:997} INFO - 
================================================================================
DAG File Processing Stats

File Path                                  PID  Runtime      # DAGs    # Errors  Last Runtime    Last Run               Last # of DB Queries
---------------------------------------  -----  ---------  --------  ----------  --------------  -------------------  ----------------------
/opt/airflow/dags/airflow_automation.py    307  0.01s             1           0  3.95s           2024-10-29T02:52:07                      22
================================================================================
[2024-10-29T02:53:07.982+0000] {manager.py:997} INFO - 
================================================================================
DAG File Processing Stats

File Path                                PID    Runtime      # DAGs    # Errors  Last Runtime    Last Run               Last # of DB Queries
---------------------------------------  -----  ---------  --------  ----------  --------------  -------------------  ----------------------
/opt/airflow/dags/airflow_automation.py                           1           0  2.30s           2024-10-29T02:52:39                      22
================================================================================
[2024-10-29T02:53:38.692+0000] {manager.py:997} INFO - 
================================================================================
DAG File Processing Stats

File Path                                PID    Runtime      # DAGs    # Errors  Last Runtime    Last Run               Last # of DB Queries
---------------------------------------  -----  ---------  --------  ----------  --------------  -------------------  ----------------------
/opt/airflow/dags/airflow_automation.py                           1           0  3.36s           2024-10-29T02:53:13                      22
================================================================================
[2024-10-29T02:54:09.250+0000] {manager.py:997} INFO - 
================================================================================
DAG File Processing Stats

File Path                                PID    Runtime      # DAGs    # Errors  Last Runtime    Last Run               Last # of DB Queries
---------------------------------------  -----  ---------  --------  ----------  --------------  -------------------  ----------------------
/opt/airflow/dags/airflow_automation.py                           1           0  2.69s           2024-10-29T02:53:46                      22
================================================================================
[2024-10-29T02:54:27.189+0000] {manager.py:465} INFO - Exiting gracefully upon receiving signal 15
